mode: set
github.com/console/xdebug-cli/internal/view/display.go:9.70,10.27 1 1
github.com/console/xdebug-cli/internal/view/display.go:10.27,13.3 2 1
github.com/console/xdebug-cli/internal/view/display.go:15.2,21.33 6 1
github.com/console/xdebug-cli/internal/view/display.go:21.33,23.29 2 1
github.com/console/xdebug-cli/internal/view/display.go:23.29,24.30 1 1
github.com/console/xdebug-cli/internal/view/display.go:24.30,26.5 1 1
github.com/console/xdebug-cli/internal/view/display.go:26.10,28.5 1 0
github.com/console/xdebug-cli/internal/view/display.go:31.3,32.21 2 1
github.com/console/xdebug-cli/internal/view/display.go:32.21,34.4 1 1
github.com/console/xdebug-cli/internal/view/display.go:37.3,37.25 1 1
github.com/console/xdebug-cli/internal/view/display.go:37.25,39.4 1 1
github.com/console/xdebug-cli/internal/view/display.go:41.3,47.5 1 1
github.com/console/xdebug-cli/internal/view/display.go:49.2,50.15 2 1
github.com/console/xdebug-cli/internal/view/display.go:56.90,57.26 1 1
github.com/console/xdebug-cli/internal/view/display.go:57.26,60.3 2 1
github.com/console/xdebug-cli/internal/view/display.go:62.2,66.34 4 1
github.com/console/xdebug-cli/internal/view/display.go:66.34,68.3 1 1
github.com/console/xdebug-cli/internal/view/display.go:70.2,71.15 2 1
github.com/console/xdebug-cli/internal/view/display.go:76.64,85.24 6 1
github.com/console/xdebug-cli/internal/view/display.go:85.24,93.34 5 1
github.com/console/xdebug-cli/internal/view/display.go:93.34,95.4 1 1
github.com/console/xdebug-cli/internal/view/display.go:96.8,98.18 1 1
github.com/console/xdebug-cli/internal/view/display.go:98.18,100.4 1 0
github.com/console/xdebug-cli/internal/view/display.go:100.9,104.59 3 1
github.com/console/xdebug-cli/internal/view/display.go:104.59,106.5 1 1
github.com/console/xdebug-cli/internal/view/display.go:108.4,108.78 1 1
github.com/console/xdebug-cli/internal/view/display.go:110.3,110.18 1 1
github.com/console/xdebug-cli/internal/view/display.go:116.53,120.2 3 1
github.com/console/xdebug-cli/internal/view/help.go:6.34,25.2 2 1
github.com/console/xdebug-cli/internal/view/help.go:28.38,41.2 2 1
github.com/console/xdebug-cli/internal/view/help.go:44.38,67.2 2 1
github.com/console/xdebug-cli/internal/view/help.go:70.44,96.2 2 1
github.com/console/xdebug-cli/internal/view/help.go:99.39,123.2 2 1
github.com/console/xdebug-cli/internal/view/help.go:126.41,154.2 2 1
github.com/console/xdebug-cli/internal/view/help.go:158.48,159.17 1 1
github.com/console/xdebug-cli/internal/view/help.go:160.19,161.26 1 1
github.com/console/xdebug-cli/internal/view/help.go:162.32,163.26 1 1
github.com/console/xdebug-cli/internal/view/help.go:164.34,165.32 1 1
github.com/console/xdebug-cli/internal/view/help.go:166.20,167.27 1 1
github.com/console/xdebug-cli/internal/view/help.go:168.22,169.29 1 1
github.com/console/xdebug-cli/internal/view/help.go:170.10,172.58 2 1
github.com/console/xdebug-cli/internal/view/source.go:16.44,20.2 1 1
github.com/console/xdebug-cli/internal/view/source.go:24.56,25.40 1 1
github.com/console/xdebug-cli/internal/view/source.go:25.40,27.3 1 1
github.com/console/xdebug-cli/internal/view/source.go:29.2,30.16 2 1
github.com/console/xdebug-cli/internal/view/source.go:30.16,32.3 1 1
github.com/console/xdebug-cli/internal/view/source.go:34.2,36.12 3 1
github.com/console/xdebug-cli/internal/view/source.go:43.86,44.42 1 1
github.com/console/xdebug-cli/internal/view/source.go:44.42,46.3 1 0
github.com/console/xdebug-cli/internal/view/source.go:48.2,52.15 3 1
github.com/console/xdebug-cli/internal/view/source.go:52.15,54.3 1 1
github.com/console/xdebug-cli/internal/view/source.go:55.2,55.24 1 1
github.com/console/xdebug-cli/internal/view/source.go:55.24,57.3 1 1
github.com/console/xdebug-cli/internal/view/source.go:60.2,64.16 3 1
github.com/console/xdebug-cli/internal/view/source.go:64.16,66.26 2 1
github.com/console/xdebug-cli/internal/view/source.go:66.26,68.4 1 1
github.com/console/xdebug-cli/internal/view/source.go:71.2,71.36 1 1
github.com/console/xdebug-cli/internal/view/source.go:78.64,81.43 2 1
github.com/console/xdebug-cli/internal/view/source.go:81.43,83.17 2 1
github.com/console/xdebug-cli/internal/view/source.go:83.17,86.4 2 0
github.com/console/xdebug-cli/internal/view/source.go:87.3,87.24 1 1
github.com/console/xdebug-cli/internal/view/source.go:91.2,92.22 2 1
github.com/console/xdebug-cli/internal/view/source.go:92.22,94.3 1 1
github.com/console/xdebug-cli/internal/view/source.go:96.2,100.16 4 1
github.com/console/xdebug-cli/internal/view/source.go:100.16,103.3 2 0
github.com/console/xdebug-cli/internal/view/source.go:106.2,107.19 2 1
github.com/console/xdebug-cli/internal/view/source.go:107.19,109.3 1 1
github.com/console/xdebug-cli/internal/view/source.go:112.2,113.32 2 1
github.com/console/xdebug-cli/internal/view/source.go:113.32,116.22 3 1
github.com/console/xdebug-cli/internal/view/source.go:116.22,118.4 1 1
github.com/console/xdebug-cli/internal/view/source.go:119.3,119.66 1 1
github.com/console/xdebug-cli/internal/view/source.go:121.2,121.15 1 1
github.com/console/xdebug-cli/internal/view/source.go:125.53,127.2 1 1
github.com/console/xdebug-cli/internal/view/view.go:20.22,27.2 1 1
github.com/console/xdebug-cli/internal/view/view.go:30.32,32.2 1 1
github.com/console/xdebug-cli/internal/view/view.go:35.34,37.2 1 1
github.com/console/xdebug-cli/internal/view/view.go:40.39,42.2 1 1
github.com/console/xdebug-cli/internal/view/view.go:45.35,47.2 1 1
github.com/console/xdebug-cli/internal/view/view.go:51.47,53.16 2 1
github.com/console/xdebug-cli/internal/view/view.go:53.16,55.3 1 0
github.com/console/xdebug-cli/internal/view/view.go:56.2,56.37 1 1
github.com/console/xdebug-cli/internal/view/view.go:60.76,65.2 4 1
